<?xml version="1.0" encoding="UTF-8"?>
<!-- Generated by org.testng.reporters.JUnitXMLReporter -->
<testsuite ignored="4" hostname="LAPTOP-NEGDCA0S" failures="0" tests="3" name="FirefoxTest" time="28.989" errors="0" timestamp="2025-09-29T17:31:33 IST">
  <testcase classname="switchToModule.SwitchToFramesTest" name="switchToFramesModuleTest" time="2.299"/>
  <testcase classname="switchToModule.WidgetsModuleTest" name="DatePickerTest" time="7.14"/>
  <testcase classname="switchToModule.SwitchToWindowsTest" name="SitchToWindownsModuleTest" time="8.696"/>
  <testcase classname="com.AutomationDemoSite.baseTest.BaseClass" name="@BeforeSuite configBS" time="0.0">
    <ignored/>
  </testcase> <!-- @BeforeSuite configBS -->
  <testcase classname="com.AutomationDemoSite.baseTest.BaseClass" name="@AfterSuite configAS" time="0.0">
    <ignored/>
  </testcase> <!-- @AfterSuite configAS -->
  <testcase classname="com.AutomationDemoSite.baseTest.BaseClass" name="@AfterSuite configAS" time="0.0">
    <ignored/>
  </testcase> <!-- @AfterSuite configAS -->
  <testcase classname="com.AutomationDemoSite.baseTest.BaseClass" name="@BeforeSuite configBS" time="0.0">
    <ignored/>
  </testcase> <!-- @BeforeSuite configBS -->
</testsuite> <!-- FirefoxTest -->
