<?xml version="1.0" encoding="UTF-8"?>
<testng-results ignored="8" total="14" passed="6" failed="0" skipped="0">
  <reporter-output>
  </reporter-output>
  <suite started-at="2025-09-29T17:31:04 IST" name="Suite" finished-at="2025-09-29T17:31:33 IST" duration-ms="28989">
    <groups>
    </groups>
    <test started-at="2025-09-29T17:31:04 IST" name="ChromeTest" finished-at="2025-09-29T17:31:33 IST" duration-ms="28869">
      <class name="switchToModule.SwitchToFramesTest">
        <test-method is-config="true" signature="configBC()[pri:0, instance:switchToModule.SwitchToFramesTest@7b2bbc3]" started-at="2025-09-29T17:31:04 IST" name="configBC" finished-at="2025-09-29T17:31:07 IST" duration-ms="3034" status="PASS">
          <reporter-output>
          </reporter-output>
        </test-method> <!-- configBC -->
        <test-method is-config="true" signature="configBM()[pri:0, instance:switchToModule.SwitchToFramesTest@7b2bbc3]" started-at="2025-09-29T17:31:07 IST" name="configBM" finished-at="2025-09-29T17:31:07 IST" duration-ms="1" status="PASS">
          <reporter-output>
          </reporter-output>
        </test-method> <!-- configBM -->
        <test-method signature="switchToFramesModuleTest()[pri:0, instance:switchToModule.SwitchToFramesTest@7b2bbc3]" started-at="2025-09-29T17:31:07 IST" name="switchToFramesModuleTest" finished-at="2025-09-29T17:31:11 IST" duration-ms="4026" status="PASS">
          <reporter-output>
          </reporter-output>
        </test-method> <!-- switchToFramesModuleTest -->
        <test-method is-config="true" signature="configAM()[pri:0, instance:switchToModule.SwitchToFramesTest@7b2bbc3]" started-at="2025-09-29T17:31:11 IST" name="configAM" finished-at="2025-09-29T17:31:11 IST" duration-ms="1" status="PASS">
          <reporter-output>
          </reporter-output>
        </test-method> <!-- configAM -->
        <test-method is-config="true" signature="configAC()[pri:0, instance:switchToModule.SwitchToFramesTest@7b2bbc3]" started-at="2025-09-29T17:31:11 IST" name="configAC" finished-at="2025-09-29T17:31:12 IST" duration-ms="413" status="PASS">
          <reporter-output>
          </reporter-output>
        </test-method> <!-- configAC -->
      </class> <!-- switchToModule.SwitchToFramesTest -->
      <class name="switchToModule.WidgetsModuleTest">
        <test-method is-config="true" signature="configBC()[pri:0, instance:switchToModule.WidgetsModuleTest@4218d6a3]" started-at="2025-09-29T17:31:12 IST" name="configBC" finished-at="2025-09-29T17:31:15 IST" duration-ms="3231" status="PASS">
          <reporter-output>
          </reporter-output>
        </test-method> <!-- configBC -->
        <test-method is-config="true" signature="configBM()[pri:0, instance:switchToModule.WidgetsModuleTest@4218d6a3]" started-at="2025-09-29T17:31:15 IST" name="configBM" finished-at="2025-09-29T17:31:15 IST" duration-ms="1" status="PASS">
          <reporter-output>
          </reporter-output>
        </test-method> <!-- configBM -->
        <test-method signature="DatePickerTest()[pri:0, instance:switchToModule.WidgetsModuleTest@4218d6a3]" started-at="2025-09-29T17:31:15 IST" name="DatePickerTest" finished-at="2025-09-29T17:31:21 IST" duration-ms="5738" status="PASS">
          <reporter-output>
          </reporter-output>
        </test-method> <!-- DatePickerTest -->
        <test-method is-config="true" signature="configAM()[pri:0, instance:switchToModule.WidgetsModuleTest@4218d6a3]" started-at="2025-09-29T17:31:21 IST" name="configAM" finished-at="2025-09-29T17:31:21 IST" duration-ms="0" status="PASS">
          <reporter-output>
          </reporter-output>
        </test-method> <!-- configAM -->
        <test-method is-config="true" signature="configAC()[pri:0, instance:switchToModule.WidgetsModuleTest@4218d6a3]" started-at="2025-09-29T17:31:21 IST" name="configAC" finished-at="2025-09-29T17:31:21 IST" duration-ms="680" status="PASS">
          <reporter-output>
          </reporter-output>
        </test-method> <!-- configAC -->
      </class> <!-- switchToModule.WidgetsModuleTest -->
      <class name="switchToModule.SwitchToWindowsTest">
        <test-method is-config="true" signature="configBC()[pri:0, instance:switchToModule.SwitchToWindowsTest@76505305]" started-at="2025-09-29T17:31:21 IST" name="configBC" finished-at="2025-09-29T17:31:24 IST" duration-ms="2754" status="PASS">
          <reporter-output>
          </reporter-output>
        </test-method> <!-- configBC -->
        <test-method signature="SitchToWindownsModuleTest()[pri:0, instance:switchToModule.SwitchToWindowsTest@76505305]" started-at="2025-09-29T17:31:24 IST" name="SitchToWindownsModuleTest" finished-at="2025-09-29T17:31:31 IST" duration-ms="6646" status="PASS">
          <reporter-output>
          </reporter-output>
        </test-method> <!-- SitchToWindownsModuleTest -->
        <test-method is-config="true" signature="configBM()[pri:0, instance:switchToModule.SwitchToWindowsTest@76505305]" started-at="2025-09-29T17:31:24 IST" name="configBM" finished-at="2025-09-29T17:31:24 IST" duration-ms="0" status="PASS">
          <reporter-output>
          </reporter-output>
        </test-method> <!-- configBM -->
        <test-method is-config="true" signature="configAM()[pri:0, instance:switchToModule.SwitchToWindowsTest@76505305]" started-at="2025-09-29T17:31:31 IST" name="configAM" finished-at="2025-09-29T17:31:31 IST" duration-ms="1" status="PASS">
          <reporter-output>
          </reporter-output>
        </test-method> <!-- configAM -->
        <test-method is-config="true" signature="configAC()[pri:0, instance:switchToModule.SwitchToWindowsTest@76505305]" started-at="2025-09-29T17:31:31 IST" name="configAC" finished-at="2025-09-29T17:31:33 IST" duration-ms="2125" status="PASS">
          <reporter-output>
          </reporter-output>
        </test-method> <!-- configAC -->
      </class> <!-- switchToModule.SwitchToWindowsTest -->
    </test> <!-- ChromeTest -->
    <test started-at="2025-09-29T17:31:04 IST" name="FirefoxTest" finished-at="2025-09-29T17:31:33 IST" duration-ms="28989">
      <class name="switchToModule.SwitchToFramesTest">
        <test-method is-config="true" signature="configBS()[pri:0, instance:switchToModule.SwitchToFramesTest@4c402120]" started-at="2025-09-29T17:31:04 IST" name="configBS" finished-at="2025-09-29T17:31:04 IST" duration-ms="16" status="PASS">
          <reporter-output>
          </reporter-output>
        </test-method> <!-- configBS -->
        <test-method is-config="true" signature="configBC()[pri:0, instance:switchToModule.SwitchToFramesTest@4c402120]" started-at="2025-09-29T17:31:04 IST" name="configBC" finished-at="2025-09-29T17:31:09 IST" duration-ms="4402" status="PASS">
          <reporter-output>
          </reporter-output>
        </test-method> <!-- configBC -->
        <test-method is-config="true" signature="configBM()[pri:0, instance:switchToModule.SwitchToFramesTest@4c402120]" started-at="2025-09-29T17:31:09 IST" name="configBM" finished-at="2025-09-29T17:31:09 IST" duration-ms="1" status="PASS">
          <reporter-output>
          </reporter-output>
        </test-method> <!-- configBM -->
        <test-method signature="switchToFramesModuleTest()[pri:0, instance:switchToModule.SwitchToFramesTest@4c402120]" started-at="2025-09-29T17:31:09 IST" name="switchToFramesModuleTest" finished-at="2025-09-29T17:31:11 IST" duration-ms="2299" status="PASS">
          <reporter-output>
          </reporter-output>
        </test-method> <!-- switchToFramesModuleTest -->
        <test-method is-config="true" signature="configAM()[pri:0, instance:switchToModule.SwitchToFramesTest@4c402120]" started-at="2025-09-29T17:31:11 IST" name="configAM" finished-at="2025-09-29T17:31:11 IST" duration-ms="0" status="PASS">
          <reporter-output>
          </reporter-output>
        </test-method> <!-- configAM -->
        <test-method is-config="true" signature="configAC()[pri:0, instance:switchToModule.SwitchToFramesTest@4c402120]" started-at="2025-09-29T17:31:11 IST" name="configAC" finished-at="2025-09-29T17:31:11 IST" duration-ms="403" status="PASS">
          <reporter-output>
          </reporter-output>
        </test-method> <!-- configAC -->
        <test-method is-config="true" signature="configAS()[pri:0, instance:switchToModule.SwitchToFramesTest@4c402120]" started-at="2025-09-29T17:31:33 IST" name="configAS" finished-at="2025-09-29T17:31:33 IST" duration-ms="0" status="PASS">
          <reporter-output>
          </reporter-output>
        </test-method> <!-- configAS -->
      </class> <!-- switchToModule.SwitchToFramesTest -->
      <class name="switchToModule.WidgetsModuleTest">
        <test-method is-config="true" signature="configBC()[pri:0, instance:switchToModule.WidgetsModuleTest@327514f]" started-at="2025-09-29T17:31:11 IST" name="configBC" finished-at="2025-09-29T17:31:14 IST" duration-ms="3008" status="PASS">
          <reporter-output>
          </reporter-output>
        </test-method> <!-- configBC -->
        <test-method signature="DatePickerTest()[pri:0, instance:switchToModule.WidgetsModuleTest@327514f]" started-at="2025-09-29T17:31:14 IST" name="DatePickerTest" finished-at="2025-09-29T17:31:21 IST" duration-ms="7140" status="PASS">
          <reporter-output>
          </reporter-output>
        </test-method> <!-- DatePickerTest -->
        <test-method is-config="true" signature="configBM()[pri:0, instance:switchToModule.WidgetsModuleTest@327514f]" started-at="2025-09-29T17:31:14 IST" name="configBM" finished-at="2025-09-29T17:31:14 IST" duration-ms="0" status="PASS">
          <reporter-output>
          </reporter-output>
        </test-method> <!-- configBM -->
        <test-method is-config="true" signature="configAM()[pri:0, instance:switchToModule.WidgetsModuleTest@327514f]" started-at="2025-09-29T17:31:21 IST" name="configAM" finished-at="2025-09-29T17:31:21 IST" duration-ms="1" status="PASS">
          <reporter-output>
          </reporter-output>
        </test-method> <!-- configAM -->
        <test-method is-config="true" signature="configAC()[pri:0, instance:switchToModule.WidgetsModuleTest@327514f]" started-at="2025-09-29T17:31:21 IST" name="configAC" finished-at="2025-09-29T17:31:22 IST" duration-ms="323" status="PASS">
          <reporter-output>
          </reporter-output>
        </test-method> <!-- configAC -->
      </class> <!-- switchToModule.WidgetsModuleTest -->
      <class name="switchToModule.SwitchToWindowsTest">
        <test-method is-config="true" signature="configBC()[pri:0, instance:switchToModule.SwitchToWindowsTest@5b12b668]" started-at="2025-09-29T17:31:22 IST" name="configBC" finished-at="2025-09-29T17:31:24 IST" duration-ms="2025" status="PASS">
          <reporter-output>
          </reporter-output>
        </test-method> <!-- configBC -->
        <test-method is-config="true" signature="configBM()[pri:0, instance:switchToModule.SwitchToWindowsTest@5b12b668]" started-at="2025-09-29T17:31:24 IST" name="configBM" finished-at="2025-09-29T17:31:24 IST" duration-ms="2" status="PASS">
          <reporter-output>
          </reporter-output>
        </test-method> <!-- configBM -->
        <test-method signature="SitchToWindownsModuleTest()[pri:0, instance:switchToModule.SwitchToWindowsTest@5b12b668]" started-at="2025-09-29T17:31:24 IST" name="SitchToWindownsModuleTest" finished-at="2025-09-29T17:31:32 IST" duration-ms="8696" status="PASS">
          <reporter-output>
          </reporter-output>
        </test-method> <!-- SitchToWindownsModuleTest -->
        <test-method is-config="true" signature="configAM()[pri:0, instance:switchToModule.SwitchToWindowsTest@5b12b668]" started-at="2025-09-29T17:31:32 IST" name="configAM" finished-at="2025-09-29T17:31:32 IST" duration-ms="2" status="PASS">
          <reporter-output>
          </reporter-output>
        </test-method> <!-- configAM -->
        <test-method is-config="true" signature="configAC()[pri:0, instance:switchToModule.SwitchToWindowsTest@5b12b668]" started-at="2025-09-29T17:31:32 IST" name="configAC" finished-at="2025-09-29T17:31:33 IST" duration-ms="646" status="PASS">
          <reporter-output>
          </reporter-output>
        </test-method> <!-- configAC -->
      </class> <!-- switchToModule.SwitchToWindowsTest -->
    </test> <!-- FirefoxTest -->
  </suite> <!-- Suite -->
</testng-results>
